<?xml version="1.0" encoding="UTF-8"?>
<!-- Generated by org.testng.reporters.JUnitReportReporter -->
<testsuite hostname="DESKTOP-LN58VUV" failures="0" tests="1" name="scrape.Datascraper" time="285.649" errors="0" timestamp="2022-03-10T01:42:01 COT" skipped="0">
  <testcase classname="scrape.Datascraper" name="getData" time="285.649"/>
  <system-out/>
</testsuite> <!-- scrape.Datascraper -->
